\BOOKMARK [0][-]{chapter*.4}{Abk\374rzungsverzeichnis}{}% 1
\BOOKMARK [0][-]{chapter*.5}{Abbildungsverzeichnis}{}% 2
\BOOKMARK [0][-]{chapter*.6}{Tabellenverzeichnis}{}% 3
\BOOKMARK [0][-]{chapter*.7}{Abstract}{}% 4
\BOOKMARK [0][-]{chapter.1}{Einleitung}{}% 5
\BOOKMARK [1][-]{section.1.1}{Physiologische Grundlagen}{chapter.1}% 6
\BOOKMARK [2][-]{subsection.1.1.1}{Innere \046 \344u\337ere Atmung}{section.1.1}% 7
\BOOKMARK [2][-]{subsection.1.1.2}{Energiebereitstellung des K\366rpers}{section.1.1}% 8
\BOOKMARK [1][-]{section.1.2}{Spiroergometrie}{chapter.1}% 9
\BOOKMARK [2][-]{subsection.1.2.1}{Ventilatorische Schwellen}{section.1.2}% 10
\BOOKMARK [2][-]{subsection.1.2.2}{Methoden zur Schwellenbestimmung}{section.1.2}% 11
\BOOKMARK [1][-]{section.1.3}{Problemstellung \046 Ziele der Arbeit}{chapter.1}% 12
\BOOKMARK [0][-]{chapter.2}{Methode}{}% 13
\BOOKMARK [1][-]{section.2.1}{Material \046 Testaufbau}{chapter.2}% 14
\BOOKMARK [2][-]{subsection.2.1.1}{Funktionsweise des metabolicscan}{section.2.1}% 15
\BOOKMARK [2][-]{subsection.2.1.2}{Messbedingungen}{section.2.1}% 16
\BOOKMARK [1][-]{section.2.2}{Durchf\374hrung der Messungen}{chapter.2}% 17
\BOOKMARK [2][-]{subsection.2.2.1}{Vorbereitung \046 Erwartungswerte}{section.2.2}% 18
\BOOKMARK [2][-]{subsection.2.2.2}{Leerlastphase}{section.2.2}% 19
\BOOKMARK [2][-]{subsection.2.2.3}{Belastungsphase}{section.2.2}% 20
\BOOKMARK [1][-]{section.2.3}{Datenverarbeitung \046 Generierung der Plots}{chapter.2}% 21
\BOOKMARK [1][-]{section.2.4}{Auswertung \046 Referenzierung der Ergebnisse}{chapter.2}% 22
\BOOKMARK [1][-]{section.2.5}{Probandendaten}{chapter.2}% 23
\BOOKMARK [0][-]{chapter.3}{Resultate}{}% 24
\BOOKMARK [1][-]{section.3.1}{Plots f\374r die Schwellenbestimmung}{chapter.3}% 25
\BOOKMARK [2][-]{subsection.3.1.1}{Manuelle Auswertung}{section.3.1}% 26
\BOOKMARK [2][-]{subsection.3.1.2}{Algorithmische Auswertung}{section.3.1}% 27
\BOOKMARK [1][-]{section.3.2}{Ergebnisse der Schwellenbestimmung}{chapter.3}% 28
\BOOKMARK [2][-]{subsection.3.2.1}{Ergebnisse f\374r VT1}{section.3.2}% 29
\BOOKMARK [2][-]{subsection.3.2.2}{Ergebnisse f\374r VT2}{section.3.2}% 30
\BOOKMARK [0][-]{chapter.4}{Auswertung}{}% 31
\BOOKMARK [1][-]{section.4.1}{M\366gliche Fehlerquellen}{chapter.4}% 32
\BOOKMARK [1][-]{section.4.2}{Evaluierung der Schwellenbestimmung}{chapter.4}% 33
\BOOKMARK [2][-]{subsection.4.2.1}{Evaluierung der VT1}{section.4.2}% 34
\BOOKMARK [2][-]{subsection.4.2.2}{Evaluierung der VT2}{section.4.2}% 35
\BOOKMARK [0][-]{chapter.5}{Diskussion}{}% 36
\BOOKMARK [1][-]{section.5.1}{Potentielle Fehlerquellen}{chapter.5}% 37
\BOOKMARK [2][-]{subsection.5.1.1}{Probandenbedingte Faktoren}{section.5.1}% 38
\BOOKMARK [2][-]{subsection.5.1.2}{Anwenderbedingte Faktoren}{section.5.1}% 39
\BOOKMARK [2][-]{subsection.5.1.3}{Umweltbedingte Faktoren}{section.5.1}% 40
\BOOKMARK [1][-]{section.5.2}{Problematik von RQ = 1}{chapter.5}% 41
\BOOKMARK [1][-]{section.5.3}{Optimale Methode}{chapter.5}% 42
\BOOKMARK [1][-]{section.5.4}{Limitation}{chapter.5}% 43
\BOOKMARK [1][-]{section.5.5}{Fazit und Handlungsempfehlung}{chapter.5}% 44
\BOOKMARK [0][-]{chapter*.75}{Literatur}{}% 45
\BOOKMARK [0][-]{appendix.A}{Technische Daten des Flowsensors}{}% 46
\BOOKMARK [0][-]{appendix.B}{Technische Daten des VCO2/VO2-Sensor-Moduls}{}% 47
